<?xml version="1.0" encoding="UTF-8"?>
<testng-results ignored="0" total="1" passed="1" failed="0" skipped="0">
  <reporter-output>
  </reporter-output>
  <suite started-at="2022-01-06T14:22:54 EST" name="Data Driven Basics" finished-at="2022-01-06T14:23:00 EST" duration-ms="6072">
    <groups>
    </groups>
    <test started-at="2022-01-06T14:22:54 EST" name="LoginTest" finished-at="2022-01-06T14:23:00 EST" duration-ms="6072">
      <class name="TestCases.LoginTest">
        <test-method is-config="true" signature="setUp()[pri:0, instance:TestCases.LoginTest@54bff557]" started-at="2022-01-06T14:22:51 EST" name="setUp" finished-at="2022-01-06T14:22:54 EST" duration-ms="3153" status="PASS">
          <reporter-output>
          </reporter-output>
        </test-method> <!-- setUp -->
        <test-method signature="loginAsBankManager()[pri:0, instance:TestCases.LoginTest@54bff557]" started-at="2022-01-06T14:22:54 EST" name="loginAsBankManager" finished-at="2022-01-06T14:23:00 EST" duration-ms="5997" status="PASS">
          <reporter-output>
          </reporter-output>
        </test-method> <!-- loginAsBankManager -->
      </class> <!-- TestCases.LoginTest -->
    </test> <!-- LoginTest -->
  </suite> <!-- Data Driven Basics -->
</testng-results>
